[2020-11-30T09:45:47.197] [INFO] [Default] - Models created
[2020-11-30T09:45:47.202] [INFO] [Default] - Services created
[2020-11-30T09:45:47.247] [INFO] [Default] - Controllers mapped
[2020-11-30T09:45:47.248] [INFO] [Default] - Public routes registered
[2020-11-30T09:45:47.311] [INFO] [Default] - Private routes registered
[2020-11-30T09:45:47.319] [INFO] [Default] - Listening on port 3000 ...
[2020-11-30T09:46:17.179] [INFO] [Default] - Closed connection to database: mongodb://127.0.0.1:27017/node-vue-book
[2020-11-30T09:46:17.180] [ERROR] [Default] - Failed to connect to database: mongodb://127.0.0.1:27017/node-vue-book
[2020-11-30T09:47:58.012] [INFO] [Default] - GET 404 /web/api/category/list 请求参数： {}  响应参数： undefined - ::1 - 8ms
[2020-11-30T15:40:10.336] [INFO] [Default] - Models created
[2020-11-30T15:40:10.340] [INFO] [Default] - Services created
[2020-11-30T15:40:10.374] [INFO] [Default] - Controllers mapped
[2020-11-30T15:40:10.376] [INFO] [Default] - Public routes registered
[2020-11-30T15:40:10.439] [INFO] [Default] - Private routes registered
[2020-11-30T15:40:10.447] [INFO] [Default] - Listening on port 3000 ...
[2020-11-30T15:40:24.189] [INFO] [Default] - Models created
[2020-11-30T15:40:24.193] [INFO] [Default] - Services created
[2020-11-30T15:40:24.209] [INFO] [Default] - Controllers mapped
[2020-11-30T15:40:24.210] [INFO] [Default] - Public routes registered
[2020-11-30T15:40:24.244] [INFO] [Default] - Private routes registered
[2020-11-30T15:40:24.250] [INFO] [Default] - Listening on port 3000 ...
[2020-11-30T15:40:32.110] [INFO] [Default] - GET 200 / 请求参数： {}  响应参数： {"_readableState":{"objectMode":false,"highWaterMark":65536,"buffer":{"head":null,"tail":null,"length":0},"length":0,"pipes":null,"pipesCount":0,"flowing":null,"ended":false,"endEmitted":false,"reading":false,"sync":true,"needReadable":false,"emittedReadable":false,"readableListening":false,"resumeScheduled":false,"emitClose":false,"autoDestroy":false,"destroyed":false,"defaultEncoding":"utf8","awaitDrainWriters":null,"multiAwaitDrain":false,"readingMore":false,"decoder":null,"encoding":null},"readable":true,"_events":{},"_eventsCount":2,"path":"/Users/xufeiyang/Documents/毕业设计/book-manager-system/server/views/index.html","fd":null,"flags":"r","mode":438,"end":null,"autoClose":true,"bytesRead":0,"closed":false} - ::1 - 4ms
[2020-11-30T15:40:32.245] [INFO] [Default] - GET 404 /favicon.ico 请求参数： {}  响应参数： undefined - ::1 - 2ms
[2020-11-30T15:40:54.178] [INFO] [Default] - Closed connection to database: mongodb://127.0.0.1:27017/node-vue-book
[2020-11-30T15:40:54.180] [ERROR] [Default] - Failed to connect to database: mongodb://127.0.0.1:27017/node-vue-book
[2020-11-30T15:41:11.043] [INFO] [Default] - Models created
[2020-11-30T15:41:11.046] [INFO] [Default] - Services created
[2020-11-30T15:41:11.064] [INFO] [Default] - Controllers mapped
[2020-11-30T15:41:11.065] [INFO] [Default] - Public routes registered
[2020-11-30T15:41:11.098] [INFO] [Default] - Private routes registered
[2020-11-30T15:41:11.106] [INFO] [Default] - Listening on port 3000 ...
[2020-11-30T15:41:15.647] [INFO] [Default] - Models created
[2020-11-30T15:41:15.651] [INFO] [Default] - Services created
[2020-11-30T15:41:15.666] [INFO] [Default] - Controllers mapped
[2020-11-30T15:41:15.667] [INFO] [Default] - Public routes registered
[2020-11-30T15:41:15.695] [INFO] [Default] - Private routes registered
[2020-11-30T15:41:15.700] [INFO] [Default] - Listening on port 3000 ...
[2020-11-30T15:41:27.017] [INFO] [Default] - Models created
[2020-11-30T15:41:27.020] [INFO] [Default] - Services created
[2020-11-30T15:41:27.038] [INFO] [Default] - Controllers mapped
[2020-11-30T15:41:27.039] [INFO] [Default] - Public routes registered
[2020-11-30T15:41:27.073] [INFO] [Default] - Private routes registered
[2020-11-30T15:41:27.080] [INFO] [Default] - Listening on port 3000 ...
[2020-11-30T15:41:57.007] [INFO] [Default] - Closed connection to database: mongodb://127.0.0.1:27017/node-vue-book
[2020-11-30T15:41:57.009] [ERROR] [Default] - Failed to connect to database: mongodb://127.0.0.1:27017/node-vue-book
[2020-11-30T15:42:57.102] [INFO] [Default] - Models created
[2020-11-30T15:42:57.111] [INFO] [Default] - Services created
[2020-11-30T15:42:57.148] [INFO] [Default] - Controllers mapped
[2020-11-30T15:42:57.149] [INFO] [Default] - Public routes registered
[2020-11-30T15:42:57.225] [INFO] [Default] - Private routes registered
[2020-11-30T15:42:57.234] [INFO] [Default] - Listening on port 3000 ...
[2020-11-30T15:42:57.250] [INFO] [Default] - Connected to database: mongodb://127.0.0.1:27017/node-vue-book
[2020-11-30T15:42:57.252] [INFO] [Default] - MongoDB is opened
[2020-11-30T15:42:58.249] [INFO] [Default] - GET 200 /api/AdList 请求参数： {}  响应参数： {"code":200,"msg":"success","data":[{"state":0,"_id":"5fc3236e380c3110d3bf12fa","title":"爱情买卖","book":"5fbb7f506038ee7aae10e905","remark":"爱情不强求，婚姻不强留","image":"/img/2020/11/1606624105652.jpeg","create_time":"2020-11-29T04:28:30.318Z","update_time":"2020-11-29T11:27:33.756Z"},{"state":0,"_id":"5fc327fb6929e513e39abc95","title":"爱情","book":"5fbb7f506038ee7aae10e89a","image":"/img/2020/11/1606625268325.jpeg","create_time":"2020-11-29T04:47:55.029Z","update_time":"2020-11-29T04:47:55.029Z"}]} - ::1 - 39ms
[2020-11-30T15:43:05.573] [INFO] [Default] - Models created
[2020-11-30T15:43:05.578] [INFO] [Default] - Services created
[2020-11-30T15:43:05.597] [INFO] [Default] - Controllers mapped
[2020-11-30T15:43:05.598] [INFO] [Default] - Public routes registered
[2020-11-30T15:43:05.642] [INFO] [Default] - Private routes registered
[2020-11-30T15:43:05.648] [INFO] [Default] - Listening on port 3000 ...
[2020-11-30T15:43:05.661] [INFO] [Default] - Connected to database: mongodb://127.0.0.1:27017/node-vue-book
[2020-11-30T15:43:05.662] [INFO] [Default] - MongoDB is opened
[2020-11-30T15:43:06.701] [INFO] [Default] - GET 200 /api/AdList 请求参数： {}  响应参数： {"code":200,"msg":"success","data":[{"state":0,"_id":"5fc3236e380c3110d3bf12fa","title":"爱情买卖","book":"5fbb7f506038ee7aae10e905","remark":"爱情不强求，婚姻不强留","image":"/img/2020/11/1606624105652.jpeg","create_time":"2020-11-29T04:28:30.318Z","update_time":"2020-11-29T11:27:33.756Z"},{"state":0,"_id":"5fc327fb6929e513e39abc95","title":"爱情","book":"5fbb7f506038ee7aae10e89a","image":"/img/2020/11/1606625268325.jpeg","create_time":"2020-11-29T04:47:55.029Z","update_time":"2020-11-29T04:47:55.029Z"}]} - ::1 - 23ms
[2020-11-30T15:43:16.289] [INFO] [Default] - Models created
[2020-11-30T15:43:16.292] [INFO] [Default] - Services created
[2020-11-30T15:43:16.309] [INFO] [Default] - Controllers mapped
[2020-11-30T15:43:16.310] [INFO] [Default] - Public routes registered
[2020-11-30T15:43:16.343] [INFO] [Default] - Private routes registered
[2020-11-30T15:43:16.354] [INFO] [Default] - Listening on port 3000 ...
[2020-11-30T15:43:16.373] [INFO] [Default] - Connected to database: mongodb://127.0.0.1:27017/node-vue-book
[2020-11-30T15:43:16.375] [INFO] [Default] - MongoDB is opened
[2020-11-30T15:43:17.047] [INFO] [Default] - GET 200 /api/AdList 请求参数： {}  响应参数： {"code":200,"msg":"success","data":[{"state":0,"_id":"5fc3236e380c3110d3bf12fa","title":"爱情买卖","book":"5fbb7f506038ee7aae10e905","remark":"爱情不强求，婚姻不强留","image":"/img/2020/11/1606624105652.jpeg","create_time":"2020-11-29T04:28:30.318Z","update_time":"2020-11-29T11:27:33.756Z"},{"state":0,"_id":"5fc327fb6929e513e39abc95","title":"爱情","book":"5fbb7f506038ee7aae10e89a","image":"/img/2020/11/1606625268325.jpeg","create_time":"2020-11-29T04:47:55.029Z","update_time":"2020-11-29T04:47:55.029Z"}]} - ::1 - 20ms
[2020-11-30T15:43:23.338] [INFO] [Default] - GET 200 /api/AdList 请求参数： {}  响应参数： {"code":200,"msg":"success","data":[{"state":0,"_id":"5fc3236e380c3110d3bf12fa","title":"爱情买卖","book":"5fbb7f506038ee7aae10e905","remark":"爱情不强求，婚姻不强留","image":"/img/2020/11/1606624105652.jpeg","create_time":"2020-11-29T04:28:30.318Z","update_time":"2020-11-29T11:27:33.756Z"},{"state":0,"_id":"5fc327fb6929e513e39abc95","title":"爱情","book":"5fbb7f506038ee7aae10e89a","image":"/img/2020/11/1606625268325.jpeg","create_time":"2020-11-29T04:47:55.029Z","update_time":"2020-11-29T04:47:55.029Z"}]} - ::1 - 4ms
[2020-11-30T15:49:57.180] [INFO] [Default] - Models created
[2020-11-30T15:49:57.188] [INFO] [Default] - Services created
[2020-11-30T15:49:57.226] [INFO] [Default] - Controllers mapped
[2020-11-30T15:49:57.228] [INFO] [Default] - Public routes registered
[2020-11-30T15:49:57.286] [INFO] [Default] - Private routes registered
[2020-11-30T15:49:57.293] [INFO] [Default] - Listening on port 3000 ...
[2020-11-30T15:49:57.304] [INFO] [Default] - Connected to database: mongodb://127.0.0.1:27017/node-vue-book
[2020-11-30T15:49:57.305] [INFO] [Default] - MongoDB is opened
[2020-11-30T15:50:11.688] [INFO] [Default] - Models created
[2020-11-30T15:50:11.691] [INFO] [Default] - Services created
[2020-11-30T15:50:11.708] [INFO] [Default] - Controllers mapped
[2020-11-30T15:50:11.710] [INFO] [Default] - Public routes registered
[2020-11-30T15:50:11.740] [INFO] [Default] - Private routes registered
[2020-11-30T15:50:11.747] [INFO] [Default] - Listening on port 3000 ...
[2020-11-30T15:50:11.758] [INFO] [Default] - Connected to database: mongodb://127.0.0.1:27017/node-vue-book
[2020-11-30T15:50:11.759] [INFO] [Default] - MongoDB is opened
[2020-11-30T15:50:19.323] [INFO] [Default] - GET 200 /api/AdList 请求参数： {}  响应参数： {"code":200,"msg":"success","data":[]} - ::1 - 24ms
[2020-11-30T15:50:26.001] [INFO] [Default] - Models created
[2020-11-30T15:50:26.008] [INFO] [Default] - Services created
[2020-11-30T15:50:26.049] [INFO] [Default] - Controllers mapped
[2020-11-30T15:50:26.051] [INFO] [Default] - Public routes registered
[2020-11-30T15:50:26.114] [INFO] [Default] - Private routes registered
[2020-11-30T15:50:26.121] [INFO] [Default] - Listening on port 3000 ...
[2020-11-30T15:50:26.131] [INFO] [Default] - Connected to database: mongodb://127.0.0.1:27017/node-vue-book
[2020-11-30T15:50:26.132] [INFO] [Default] - MongoDB is opened
[2020-11-30T15:50:30.798] [INFO] [Default] - GET 200 /api/AdList 请求参数： {}  响应参数： {"code":200,"msg":"success","data":[{"state":0,"_id":"5fc3236e380c3110d3bf12fa","title":"爱情买卖","book":"5fbb7f506038ee7aae10e905","remark":"爱情不强求，婚姻不强留","image":"/img/2020/11/1606624105652.jpeg","create_time":"2020-11-29T04:28:30.318Z","update_time":"2020-11-29T11:27:33.756Z"},{"state":0,"_id":"5fc327fb6929e513e39abc95","title":"爱情","book":"5fbb7f506038ee7aae10e89a","image":"/img/2020/11/1606625268325.jpeg","create_time":"2020-11-29T04:47:55.029Z","update_time":"2020-11-29T04:47:55.029Z"}]} - ::1 - 20ms
[2020-11-30T16:02:17.047] [INFO] [Default] - GET 200 /api/AdList 请求参数： {}  响应参数： {"code":200,"msg":"success","data":[{"state":0,"_id":"5fc3236e380c3110d3bf12fa","title":"爱情买卖","book":"5fbb7f506038ee7aae10e905","remark":"爱情不强求，婚姻不强留","image":"/img/2020/11/1606624105652.jpeg","create_time":"2020-11-29T04:28:30.318Z","update_time":"2020-11-29T11:27:33.756Z"},{"state":0,"_id":"5fc327fb6929e513e39abc95","title":"爱情","book":"5fbb7f506038ee7aae10e89a","image":"/img/2020/11/1606625268325.jpeg","create_time":"2020-11-29T04:47:55.029Z","update_time":"2020-11-29T04:47:55.029Z"}]} - ::1 - 7ms
[2020-11-30T16:03:02.216] [INFO] [Default] - GET 200 /api/AdList 请求参数： {}  响应参数： {"code":200,"msg":"success","data":[{"state":0,"_id":"5fc3236e380c3110d3bf12fa","title":"爱情买卖","book":"5fbb7f506038ee7aae10e905","remark":"爱情不强求，婚姻不强留","image":"/img/2020/11/1606624105652.jpeg","create_time":"2020-11-29T04:28:30.318Z","update_time":"2020-11-29T11:27:33.756Z"},{"state":0,"_id":"5fc327fb6929e513e39abc95","title":"爱情","book":"5fbb7f506038ee7aae10e89a","image":"/img/2020/11/1606625268325.jpeg","create_time":"2020-11-29T04:47:55.029Z","update_time":"2020-11-29T04:47:55.029Z"}]} - ::1 - 3ms
[2020-11-30T16:03:21.668] [INFO] [Default] - GET 200 /api/AdList 请求参数： {}  响应参数： {"code":200,"msg":"success","data":[{"state":0,"_id":"5fc3236e380c3110d3bf12fa","title":"爱情买卖","book":"5fbb7f506038ee7aae10e905","remark":"爱情不强求，婚姻不强留","image":"/img/2020/11/1606624105652.jpeg","create_time":"2020-11-29T04:28:30.318Z","update_time":"2020-11-29T11:27:33.756Z"},{"state":0,"_id":"5fc327fb6929e513e39abc95","title":"爱情","book":"5fbb7f506038ee7aae10e89a","image":"/img/2020/11/1606625268325.jpeg","create_time":"2020-11-29T04:47:55.029Z","update_time":"2020-11-29T04:47:55.029Z"}]} - ::1 - 3ms
[2020-11-30T16:03:24.286] [INFO] [Default] - GET 200 /api/AdList 请求参数： {}  响应参数： {"code":200,"msg":"success","data":[{"state":0,"_id":"5fc3236e380c3110d3bf12fa","title":"爱情买卖","book":"5fbb7f506038ee7aae10e905","remark":"爱情不强求，婚姻不强留","image":"/img/2020/11/1606624105652.jpeg","create_time":"2020-11-29T04:28:30.318Z","update_time":"2020-11-29T11:27:33.756Z"},{"state":0,"_id":"5fc327fb6929e513e39abc95","title":"爱情","book":"5fbb7f506038ee7aae10e89a","image":"/img/2020/11/1606625268325.jpeg","create_time":"2020-11-29T04:47:55.029Z","update_time":"2020-11-29T04:47:55.029Z"}]} - ::1 - 4ms
[2020-11-30T16:03:44.026] [INFO] [Default] - GET 200 /api/AdList 请求参数： {}  响应参数： {"code":200,"msg":"success","data":[{"state":0,"_id":"5fc3236e380c3110d3bf12fa","title":"爱情买卖","book":"5fbb7f506038ee7aae10e905","remark":"爱情不强求，婚姻不强留","image":"/img/2020/11/1606624105652.jpeg","create_time":"2020-11-29T04:28:30.318Z","update_time":"2020-11-29T11:27:33.756Z"},{"state":0,"_id":"5fc327fb6929e513e39abc95","title":"爱情","book":"5fbb7f506038ee7aae10e89a","image":"/img/2020/11/1606625268325.jpeg","create_time":"2020-11-29T04:47:55.029Z","update_time":"2020-11-29T04:47:55.029Z"}]} - ::1 - 2ms
[2020-11-30T16:04:26.329] [INFO] [Default] - GET 200 /api/AdList 请求参数： {}  响应参数： {"code":200,"msg":"success","data":[{"state":0,"_id":"5fc3236e380c3110d3bf12fa","title":"爱情买卖","book":"5fbb7f506038ee7aae10e905","remark":"爱情不强求，婚姻不强留","image":"/img/2020/11/1606624105652.jpeg","create_time":"2020-11-29T04:28:30.318Z","update_time":"2020-11-29T11:27:33.756Z"},{"state":0,"_id":"5fc327fb6929e513e39abc95","title":"爱情","book":"5fbb7f506038ee7aae10e89a","image":"/img/2020/11/1606625268325.jpeg","create_time":"2020-11-29T04:47:55.029Z","update_time":"2020-11-29T04:47:55.029Z"}]} - ::1 - 3ms
[2020-11-30T16:04:31.292] [INFO] [Default] - GET 200 /api/AdList 请求参数： {}  响应参数： {"code":200,"msg":"success","data":[{"state":0,"_id":"5fc3236e380c3110d3bf12fa","title":"爱情买卖","book":"5fbb7f506038ee7aae10e905","remark":"爱情不强求，婚姻不强留","image":"/img/2020/11/1606624105652.jpeg","create_time":"2020-11-29T04:28:30.318Z","update_time":"2020-11-29T11:27:33.756Z"},{"state":0,"_id":"5fc327fb6929e513e39abc95","title":"爱情","book":"5fbb7f506038ee7aae10e89a","image":"/img/2020/11/1606625268325.jpeg","create_time":"2020-11-29T04:47:55.029Z","update_time":"2020-11-29T04:47:55.029Z"}]} - ::1 - 3ms
[2020-11-30T16:04:55.732] [INFO] [Default] - GET 200 /api/AdList 请求参数： {}  响应参数： {"code":200,"msg":"success","data":[{"state":0,"_id":"5fc3236e380c3110d3bf12fa","title":"爱情买卖","book":"5fbb7f506038ee7aae10e905","remark":"爱情不强求，婚姻不强留","image":"/img/2020/11/1606624105652.jpeg","create_time":"2020-11-29T04:28:30.318Z","update_time":"2020-11-29T11:27:33.756Z"},{"state":0,"_id":"5fc327fb6929e513e39abc95","title":"爱情","book":"5fbb7f506038ee7aae10e89a","image":"/img/2020/11/1606625268325.jpeg","create_time":"2020-11-29T04:47:55.029Z","update_time":"2020-11-29T04:47:55.029Z"}]} - ::1 - 3ms
[2020-11-30T16:05:19.777] [INFO] [Default] - GET 200 /api/AdList 请求参数： {}  响应参数： {"code":200,"msg":"success","data":[{"state":0,"_id":"5fc3236e380c3110d3bf12fa","title":"爱情买卖","book":"5fbb7f506038ee7aae10e905","remark":"爱情不强求，婚姻不强留","image":"/img/2020/11/1606624105652.jpeg","create_time":"2020-11-29T04:28:30.318Z","update_time":"2020-11-29T11:27:33.756Z"},{"state":0,"_id":"5fc327fb6929e513e39abc95","title":"爱情","book":"5fbb7f506038ee7aae10e89a","image":"/img/2020/11/1606625268325.jpeg","create_time":"2020-11-29T04:47:55.029Z","update_time":"2020-11-29T04:47:55.029Z"}]} - ::1 - 3ms
[2020-11-30T16:05:37.741] [INFO] [Default] - GET 200 /api/AdList 请求参数： {}  响应参数： {"code":200,"msg":"success","data":[{"state":0,"_id":"5fc3236e380c3110d3bf12fa","title":"爱情买卖","book":"5fbb7f506038ee7aae10e905","remark":"爱情不强求，婚姻不强留","image":"/img/2020/11/1606624105652.jpeg","create_time":"2020-11-29T04:28:30.318Z","update_time":"2020-11-29T11:27:33.756Z"},{"state":0,"_id":"5fc327fb6929e513e39abc95","title":"爱情","book":"5fbb7f506038ee7aae10e89a","image":"/img/2020/11/1606625268325.jpeg","create_time":"2020-11-29T04:47:55.029Z","update_time":"2020-11-29T04:47:55.029Z"}]} - ::1 - 3ms
[2020-11-30T16:05:55.328] [INFO] [Default] - GET 200 /api/AdList 请求参数： {}  响应参数： {"code":200,"msg":"success","data":[{"state":0,"_id":"5fc3236e380c3110d3bf12fa","title":"爱情买卖","book":"5fbb7f506038ee7aae10e905","remark":"爱情不强求，婚姻不强留","image":"/img/2020/11/1606624105652.jpeg","create_time":"2020-11-29T04:28:30.318Z","update_time":"2020-11-29T11:27:33.756Z"},{"state":0,"_id":"5fc327fb6929e513e39abc95","title":"爱情","book":"5fbb7f506038ee7aae10e89a","image":"/img/2020/11/1606625268325.jpeg","create_time":"2020-11-29T04:47:55.029Z","update_time":"2020-11-29T04:47:55.029Z"}]} - ::1 - 3ms
[2020-11-30T16:06:16.961] [INFO] [Default] - GET 200 /api/AdList 请求参数： {}  响应参数： {"code":200,"msg":"success","data":[{"state":0,"_id":"5fc3236e380c3110d3bf12fa","title":"爱情买卖","book":"5fbb7f506038ee7aae10e905","remark":"爱情不强求，婚姻不强留","image":"/img/2020/11/1606624105652.jpeg","create_time":"2020-11-29T04:28:30.318Z","update_time":"2020-11-29T11:27:33.756Z"},{"state":0,"_id":"5fc327fb6929e513e39abc95","title":"爱情","book":"5fbb7f506038ee7aae10e89a","image":"/img/2020/11/1606625268325.jpeg","create_time":"2020-11-29T04:47:55.029Z","update_time":"2020-11-29T04:47:55.029Z"}]} - ::1 - 3ms
[2020-11-30T16:06:17.180] [INFO] [Default] - GET 200 /img/2020/11/1606624105652.jpeg 请求参数： {}  响应参数： {"_readableState":{"objectMode":false,"highWaterMark":65536,"buffer":{"head":null,"tail":null,"length":0},"length":0,"pipes":null,"pipesCount":0,"flowing":null,"ended":false,"endEmitted":false,"reading":false,"sync":true,"needReadable":false,"emittedReadable":false,"readableListening":false,"resumeScheduled":false,"emitClose":false,"autoDestroy":false,"destroyed":false,"defaultEncoding":"utf8","awaitDrainWriters":null,"multiAwaitDrain":false,"readingMore":false,"decoder":null,"encoding":null},"readable":true,"_events":{},"_eventsCount":2,"path":"/Users/xufeiyang/Documents/毕业设计/book-manager-system/server/public/img/2020/11/1606624105652.jpeg","fd":null,"flags":"r","mode":438,"end":null,"autoClose":true,"bytesRead":0,"closed":false} - ::1 - 3ms
[2020-11-30T16:06:17.183] [INFO] [Default] - GET 200 /img/2020/11/1606625268325.jpeg 请求参数： {}  响应参数： {"_readableState":{"objectMode":false,"highWaterMark":65536,"buffer":{"head":null,"tail":null,"length":0},"length":0,"pipes":null,"pipesCount":0,"flowing":null,"ended":false,"endEmitted":false,"reading":false,"sync":true,"needReadable":false,"emittedReadable":false,"readableListening":false,"resumeScheduled":false,"emitClose":false,"autoDestroy":false,"destroyed":false,"defaultEncoding":"utf8","awaitDrainWriters":null,"multiAwaitDrain":false,"readingMore":false,"decoder":null,"encoding":null},"readable":true,"_events":{},"_eventsCount":2,"path":"/Users/xufeiyang/Documents/毕业设计/book-manager-system/server/public/img/2020/11/1606625268325.jpeg","fd":null,"flags":"r","mode":438,"end":null,"autoClose":true,"bytesRead":0,"closed":false} - ::1 - 2ms
[2020-11-30T16:39:30.185] [INFO] [Default] - GET 200 /api/AdList 请求参数： {}  响应参数： {"code":200,"msg":"success","data":[{"state":0,"_id":"5fc3236e380c3110d3bf12fa","title":"爱情买卖","book":"5fbb7f506038ee7aae10e905","remark":"爱情不强求，婚姻不强留","image":"/img/2020/11/1606624105652.jpeg","create_time":"2020-11-29T04:28:30.318Z","update_time":"2020-11-29T11:27:33.756Z"},{"state":0,"_id":"5fc327fb6929e513e39abc95","title":"爱情","book":"5fbb7f506038ee7aae10e89a","image":"/img/2020/11/1606625268325.jpeg","create_time":"2020-11-29T04:47:55.029Z","update_time":"2020-11-29T04:47:55.029Z"}]} - ::1 - 3ms
[2020-11-30T16:39:30.519] [INFO] [Default] - GET 200 /img/2020/11/1606624105652.jpeg 请求参数： {}  响应参数： {"_readableState":{"objectMode":false,"highWaterMark":65536,"buffer":{"head":null,"tail":null,"length":0},"length":0,"pipes":null,"pipesCount":0,"flowing":null,"ended":false,"endEmitted":false,"reading":false,"sync":true,"needReadable":false,"emittedReadable":false,"readableListening":false,"resumeScheduled":false,"emitClose":false,"autoDestroy":false,"destroyed":false,"defaultEncoding":"utf8","awaitDrainWriters":null,"multiAwaitDrain":false,"readingMore":false,"decoder":null,"encoding":null},"readable":true,"_events":{},"_eventsCount":2,"path":"/Users/xufeiyang/Documents/毕业设计/book-manager-system/server/public/img/2020/11/1606624105652.jpeg","fd":null,"flags":"r","mode":438,"end":null,"autoClose":true,"bytesRead":0,"closed":false} - ::1 - 4ms
[2020-11-30T16:39:30.531] [INFO] [Default] - GET 200 /img/2020/11/1606625268325.jpeg 请求参数： {}  响应参数： {"_readableState":{"objectMode":false,"highWaterMark":65536,"buffer":{"head":null,"tail":null,"length":0},"length":0,"pipes":null,"pipesCount":0,"flowing":null,"ended":false,"endEmitted":false,"reading":false,"sync":true,"needReadable":false,"emittedReadable":false,"readableListening":false,"resumeScheduled":false,"emitClose":false,"autoDestroy":false,"destroyed":false,"defaultEncoding":"utf8","awaitDrainWriters":null,"multiAwaitDrain":false,"readingMore":false,"decoder":null,"encoding":null},"readable":true,"_events":{},"_eventsCount":2,"path":"/Users/xufeiyang/Documents/毕业设计/book-manager-system/server/public/img/2020/11/1606625268325.jpeg","fd":null,"flags":"r","mode":438,"end":null,"autoClose":true,"bytesRead":0,"closed":false} - ::1 - 4ms
[2020-11-30T16:41:32.909] [INFO] [Default] - GET 200 /api/AdList 请求参数： {}  响应参数： {"code":200,"msg":"success","data":[{"state":0,"_id":"5fc3236e380c3110d3bf12fa","title":"爱情买卖","book":"5fbb7f506038ee7aae10e905","remark":"爱情不强求，婚姻不强留","image":"/img/2020/11/1606624105652.jpeg","create_time":"2020-11-29T04:28:30.318Z","update_time":"2020-11-29T11:27:33.756Z"},{"state":0,"_id":"5fc327fb6929e513e39abc95","title":"爱情","book":"5fbb7f506038ee7aae10e89a","image":"/img/2020/11/1606625268325.jpeg","create_time":"2020-11-29T04:47:55.029Z","update_time":"2020-11-29T04:47:55.029Z"}]} - ::1 - 3ms
[2020-11-30T16:41:33.154] [INFO] [Default] - GET 200 /img/2020/11/1606624105652.jpeg 请求参数： {}  响应参数： {"_readableState":{"objectMode":false,"highWaterMark":65536,"buffer":{"head":null,"tail":null,"length":0},"length":0,"pipes":null,"pipesCount":0,"flowing":null,"ended":false,"endEmitted":false,"reading":false,"sync":true,"needReadable":false,"emittedReadable":false,"readableListening":false,"resumeScheduled":false,"emitClose":false,"autoDestroy":false,"destroyed":false,"defaultEncoding":"utf8","awaitDrainWriters":null,"multiAwaitDrain":false,"readingMore":false,"decoder":null,"encoding":null},"readable":true,"_events":{},"_eventsCount":2,"path":"/Users/xufeiyang/Documents/毕业设计/book-manager-system/server/public/img/2020/11/1606624105652.jpeg","fd":null,"flags":"r","mode":438,"end":null,"autoClose":true,"bytesRead":0,"closed":false} - ::1 - 1ms
[2020-11-30T16:41:33.451] [INFO] [Default] - GET 200 /img/2020/11/1606625268325.jpeg 请求参数： {}  响应参数： {"_readableState":{"objectMode":false,"highWaterMark":65536,"buffer":{"head":null,"tail":null,"length":0},"length":0,"pipes":null,"pipesCount":0,"flowing":null,"ended":false,"endEmitted":false,"reading":false,"sync":true,"needReadable":false,"emittedReadable":false,"readableListening":false,"resumeScheduled":false,"emitClose":false,"autoDestroy":false,"destroyed":false,"defaultEncoding":"utf8","awaitDrainWriters":null,"multiAwaitDrain":false,"readingMore":false,"decoder":null,"encoding":null},"readable":true,"_events":{},"_eventsCount":2,"path":"/Users/xufeiyang/Documents/毕业设计/book-manager-system/server/public/img/2020/11/1606625268325.jpeg","fd":null,"flags":"r","mode":438,"end":null,"autoClose":true,"bytesRead":0,"closed":false} - ::1 - 1ms
[2020-11-30T16:41:36.994] [INFO] [Default] - GET 200 /api/AdList 请求参数： {}  响应参数： {"code":200,"msg":"success","data":[{"state":0,"_id":"5fc3236e380c3110d3bf12fa","title":"爱情买卖","book":"5fbb7f506038ee7aae10e905","remark":"爱情不强求，婚姻不强留","image":"/img/2020/11/1606624105652.jpeg","create_time":"2020-11-29T04:28:30.318Z","update_time":"2020-11-29T11:27:33.756Z"},{"state":0,"_id":"5fc327fb6929e513e39abc95","title":"爱情","book":"5fbb7f506038ee7aae10e89a","image":"/img/2020/11/1606625268325.jpeg","create_time":"2020-11-29T04:47:55.029Z","update_time":"2020-11-29T04:47:55.029Z"}]} - ::1 - 4ms
[2020-11-30T16:41:37.507] [INFO] [Default] - GET 200 /img/2020/11/1606624105652.jpeg 请求参数： {}  响应参数： {"_readableState":{"objectMode":false,"highWaterMark":65536,"buffer":{"head":null,"tail":null,"length":0},"length":0,"pipes":null,"pipesCount":0,"flowing":null,"ended":false,"endEmitted":false,"reading":false,"sync":true,"needReadable":false,"emittedReadable":false,"readableListening":false,"resumeScheduled":false,"emitClose":false,"autoDestroy":false,"destroyed":false,"defaultEncoding":"utf8","awaitDrainWriters":null,"multiAwaitDrain":false,"readingMore":false,"decoder":null,"encoding":null},"readable":true,"_events":{},"_eventsCount":2,"path":"/Users/xufeiyang/Documents/毕业设计/book-manager-system/server/public/img/2020/11/1606624105652.jpeg","fd":null,"flags":"r","mode":438,"end":null,"autoClose":true,"bytesRead":0,"closed":false} - ::1 - 2ms
[2020-11-30T16:41:37.508] [INFO] [Default] - GET 200 /img/2020/11/1606625268325.jpeg 请求参数： {}  响应参数： {"_readableState":{"objectMode":false,"highWaterMark":65536,"buffer":{"head":null,"tail":null,"length":0},"length":0,"pipes":null,"pipesCount":0,"flowing":null,"ended":false,"endEmitted":false,"reading":false,"sync":true,"needReadable":false,"emittedReadable":false,"readableListening":false,"resumeScheduled":false,"emitClose":false,"autoDestroy":false,"destroyed":false,"defaultEncoding":"utf8","awaitDrainWriters":null,"multiAwaitDrain":false,"readingMore":false,"decoder":null,"encoding":null},"readable":true,"_events":{},"_eventsCount":2,"path":"/Users/xufeiyang/Documents/毕业设计/book-manager-system/server/public/img/2020/11/1606625268325.jpeg","fd":null,"flags":"r","mode":438,"end":null,"autoClose":true,"bytesRead":0,"closed":false} - ::1 - 2ms
[2020-11-30T16:41:41.448] [INFO] [Default] - GET 200 /api/AdList 请求参数： {}  响应参数： {"code":200,"msg":"success","data":[{"state":0,"_id":"5fc3236e380c3110d3bf12fa","title":"爱情买卖","book":"5fbb7f506038ee7aae10e905","remark":"爱情不强求，婚姻不强留","image":"/img/2020/11/1606624105652.jpeg","create_time":"2020-11-29T04:28:30.318Z","update_time":"2020-11-29T11:27:33.756Z"},{"state":0,"_id":"5fc327fb6929e513e39abc95","title":"爱情","book":"5fbb7f506038ee7aae10e89a","image":"/img/2020/11/1606625268325.jpeg","create_time":"2020-11-29T04:47:55.029Z","update_time":"2020-11-29T04:47:55.029Z"}]} - ::1 - 2ms
[2020-11-30T16:41:41.664] [INFO] [Default] - GET 200 /img/2020/11/1606624105652.jpeg 请求参数： {}  响应参数： {"_readableState":{"objectMode":false,"highWaterMark":65536,"buffer":{"head":null,"tail":null,"length":0},"length":0,"pipes":null,"pipesCount":0,"flowing":null,"ended":false,"endEmitted":false,"reading":false,"sync":true,"needReadable":false,"emittedReadable":false,"readableListening":false,"resumeScheduled":false,"emitClose":false,"autoDestroy":false,"destroyed":false,"defaultEncoding":"utf8","awaitDrainWriters":null,"multiAwaitDrain":false,"readingMore":false,"decoder":null,"encoding":null},"readable":true,"_events":{},"_eventsCount":2,"path":"/Users/xufeiyang/Documents/毕业设计/book-manager-system/server/public/img/2020/11/1606624105652.jpeg","fd":null,"flags":"r","mode":438,"end":null,"autoClose":true,"bytesRead":0,"closed":false} - ::1 - 4ms
[2020-11-30T16:41:41.666] [INFO] [Default] - GET 200 /img/2020/11/1606625268325.jpeg 请求参数： {}  响应参数： {"_readableState":{"objectMode":false,"highWaterMark":65536,"buffer":{"head":null,"tail":null,"length":0},"length":0,"pipes":null,"pipesCount":0,"flowing":null,"ended":false,"endEmitted":false,"reading":false,"sync":true,"needReadable":false,"emittedReadable":false,"readableListening":false,"resumeScheduled":false,"emitClose":false,"autoDestroy":false,"destroyed":false,"defaultEncoding":"utf8","awaitDrainWriters":null,"multiAwaitDrain":false,"readingMore":false,"decoder":null,"encoding":null},"readable":true,"_events":{},"_eventsCount":2,"path":"/Users/xufeiyang/Documents/毕业设计/book-manager-system/server/public/img/2020/11/1606625268325.jpeg","fd":null,"flags":"r","mode":438,"end":null,"autoClose":true,"bytesRead":0,"closed":false} - ::1 - 3ms
[2020-11-30T16:41:55.091] [INFO] [Default] - GET 200 /api/AdList 请求参数： {}  响应参数： {"code":200,"msg":"success","data":[{"state":0,"_id":"5fc3236e380c3110d3bf12fa","title":"爱情买卖","book":"5fbb7f506038ee7aae10e905","remark":"爱情不强求，婚姻不强留","image":"/img/2020/11/1606624105652.jpeg","create_time":"2020-11-29T04:28:30.318Z","update_time":"2020-11-29T11:27:33.756Z"},{"state":0,"_id":"5fc327fb6929e513e39abc95","title":"爱情","book":"5fbb7f506038ee7aae10e89a","image":"/img/2020/11/1606625268325.jpeg","create_time":"2020-11-29T04:47:55.029Z","update_time":"2020-11-29T04:47:55.029Z"}]} - ::1 - 3ms
[2020-11-30T16:41:55.339] [INFO] [Default] - GET 200 /img/2020/11/1606624105652.jpeg 请求参数： {}  响应参数： {"_readableState":{"objectMode":false,"highWaterMark":65536,"buffer":{"head":null,"tail":null,"length":0},"length":0,"pipes":null,"pipesCount":0,"flowing":null,"ended":false,"endEmitted":false,"reading":false,"sync":true,"needReadable":false,"emittedReadable":false,"readableListening":false,"resumeScheduled":false,"emitClose":false,"autoDestroy":false,"destroyed":false,"defaultEncoding":"utf8","awaitDrainWriters":null,"multiAwaitDrain":false,"readingMore":false,"decoder":null,"encoding":null},"readable":true,"_events":{},"_eventsCount":2,"path":"/Users/xufeiyang/Documents/毕业设计/book-manager-system/server/public/img/2020/11/1606624105652.jpeg","fd":null,"flags":"r","mode":438,"end":null,"autoClose":true,"bytesRead":0,"closed":false} - ::1 - 2ms
[2020-11-30T16:41:55.583] [INFO] [Default] - GET 200 /img/2020/11/1606625268325.jpeg 请求参数： {}  响应参数： {"_readableState":{"objectMode":false,"highWaterMark":65536,"buffer":{"head":null,"tail":null,"length":0},"length":0,"pipes":null,"pipesCount":0,"flowing":null,"ended":false,"endEmitted":false,"reading":false,"sync":true,"needReadable":false,"emittedReadable":false,"readableListening":false,"resumeScheduled":false,"emitClose":false,"autoDestroy":false,"destroyed":false,"defaultEncoding":"utf8","awaitDrainWriters":null,"multiAwaitDrain":false,"readingMore":false,"decoder":null,"encoding":null},"readable":true,"_events":{},"_eventsCount":2,"path":"/Users/xufeiyang/Documents/毕业设计/book-manager-system/server/public/img/2020/11/1606625268325.jpeg","fd":null,"flags":"r","mode":438,"end":null,"autoClose":true,"bytesRead":0,"closed":false} - ::1 - 1ms
[2020-11-30T16:44:41.998] [INFO] [Default] - GET 200 /api/AdList 请求参数： {}  响应参数： {"code":200,"msg":"success","data":[{"state":0,"_id":"5fc3236e380c3110d3bf12fa","title":"爱情买卖","book":"5fbb7f506038ee7aae10e905","remark":"爱情不强求，婚姻不强留","image":"/img/2020/11/1606624105652.jpeg","create_time":"2020-11-29T04:28:30.318Z","update_time":"2020-11-29T11:27:33.756Z"},{"state":0,"_id":"5fc327fb6929e513e39abc95","title":"爱情","book":"5fbb7f506038ee7aae10e89a","image":"/img/2020/11/1606625268325.jpeg","create_time":"2020-11-29T04:47:55.029Z","update_time":"2020-11-29T04:47:55.029Z"}]} - ::1 - 4ms
[2020-11-30T16:44:42.293] [INFO] [Default] - GET 200 /img/2020/11/1606624105652.jpeg 请求参数： {}  响应参数： {"_readableState":{"objectMode":false,"highWaterMark":65536,"buffer":{"head":null,"tail":null,"length":0},"length":0,"pipes":null,"pipesCount":0,"flowing":null,"ended":false,"endEmitted":false,"reading":false,"sync":true,"needReadable":false,"emittedReadable":false,"readableListening":false,"resumeScheduled":false,"emitClose":false,"autoDestroy":false,"destroyed":false,"defaultEncoding":"utf8","awaitDrainWriters":null,"multiAwaitDrain":false,"readingMore":false,"decoder":null,"encoding":null},"readable":true,"_events":{},"_eventsCount":2,"path":"/Users/xufeiyang/Documents/毕业设计/book-manager-system/server/public/img/2020/11/1606624105652.jpeg","fd":null,"flags":"r","mode":438,"end":null,"autoClose":true,"bytesRead":0,"closed":false} - ::1 - 1ms
[2020-11-30T16:44:42.297] [INFO] [Default] - GET 200 /img/2020/11/1606625268325.jpeg 请求参数： {}  响应参数： {"_readableState":{"objectMode":false,"highWaterMark":65536,"buffer":{"head":null,"tail":null,"length":0},"length":0,"pipes":null,"pipesCount":0,"flowing":null,"ended":false,"endEmitted":false,"reading":false,"sync":true,"needReadable":false,"emittedReadable":false,"readableListening":false,"resumeScheduled":false,"emitClose":false,"autoDestroy":false,"destroyed":false,"defaultEncoding":"utf8","awaitDrainWriters":null,"multiAwaitDrain":false,"readingMore":false,"decoder":null,"encoding":null},"readable":true,"_events":{},"_eventsCount":2,"path":"/Users/xufeiyang/Documents/毕业设计/book-manager-system/server/public/img/2020/11/1606625268325.jpeg","fd":null,"flags":"r","mode":438,"end":null,"autoClose":true,"bytesRead":0,"closed":false} - ::1 - 1ms
[2020-11-30T16:54:01.042] [INFO] [Default] - GET 200 /api/AdList 请求参数： {}  响应参数： {"code":200,"msg":"success","data":[{"state":0,"_id":"5fc3236e380c3110d3bf12fa","title":"爱情买卖","book":"5fbb7f506038ee7aae10e905","remark":"爱情不强求，婚姻不强留","image":"/img/2020/11/1606624105652.jpeg","create_time":"2020-11-29T04:28:30.318Z","update_time":"2020-11-29T11:27:33.756Z"},{"state":0,"_id":"5fc327fb6929e513e39abc95","title":"爱情","book":"5fbb7f506038ee7aae10e89a","image":"/img/2020/11/1606625268325.jpeg","create_time":"2020-11-29T04:47:55.029Z","update_time":"2020-11-29T04:47:55.029Z"}]} - ::1 - 4ms
[2020-11-30T16:54:01.361] [INFO] [Default] - GET 200 /img/2020/11/1606624105652.jpeg 请求参数： {}  响应参数： {"_readableState":{"objectMode":false,"highWaterMark":65536,"buffer":{"head":null,"tail":null,"length":0},"length":0,"pipes":null,"pipesCount":0,"flowing":null,"ended":false,"endEmitted":false,"reading":false,"sync":true,"needReadable":false,"emittedReadable":false,"readableListening":false,"resumeScheduled":false,"emitClose":false,"autoDestroy":false,"destroyed":false,"defaultEncoding":"utf8","awaitDrainWriters":null,"multiAwaitDrain":false,"readingMore":false,"decoder":null,"encoding":null},"readable":true,"_events":{},"_eventsCount":2,"path":"/Users/xufeiyang/Documents/毕业设计/book-manager-system/server/public/img/2020/11/1606624105652.jpeg","fd":null,"flags":"r","mode":438,"end":null,"autoClose":true,"bytesRead":0,"closed":false} - ::1 - 2ms
[2020-11-30T16:54:01.362] [INFO] [Default] - GET 200 /img/2020/11/1606625268325.jpeg 请求参数： {}  响应参数： {"_readableState":{"objectMode":false,"highWaterMark":65536,"buffer":{"head":null,"tail":null,"length":0},"length":0,"pipes":null,"pipesCount":0,"flowing":null,"ended":false,"endEmitted":false,"reading":false,"sync":true,"needReadable":false,"emittedReadable":false,"readableListening":false,"resumeScheduled":false,"emitClose":false,"autoDestroy":false,"destroyed":false,"defaultEncoding":"utf8","awaitDrainWriters":null,"multiAwaitDrain":false,"readingMore":false,"decoder":null,"encoding":null},"readable":true,"_events":{},"_eventsCount":2,"path":"/Users/xufeiyang/Documents/毕业设计/book-manager-system/server/public/img/2020/11/1606625268325.jpeg","fd":null,"flags":"r","mode":438,"end":null,"autoClose":true,"bytesRead":0,"closed":false} - ::1 - 2ms
[2020-11-30T16:55:01.343] [INFO] [Default] - GET 200 /api/AdList 请求参数： {}  响应参数： {"code":200,"msg":"success","data":[{"state":0,"_id":"5fc3236e380c3110d3bf12fa","title":"爱情买卖","book":"5fbb7f506038ee7aae10e905","remark":"爱情不强求，婚姻不强留","image":"/img/2020/11/1606624105652.jpeg","create_time":"2020-11-29T04:28:30.318Z","update_time":"2020-11-29T11:27:33.756Z"},{"state":0,"_id":"5fc327fb6929e513e39abc95","title":"爱情","book":"5fbb7f506038ee7aae10e89a","image":"/img/2020/11/1606625268325.jpeg","create_time":"2020-11-29T04:47:55.029Z","update_time":"2020-11-29T04:47:55.029Z"}]} - ::1 - 5ms
[2020-11-30T16:55:01.585] [INFO] [Default] - GET 200 /img/2020/11/1606624105652.jpeg 请求参数： {}  响应参数： {"_readableState":{"objectMode":false,"highWaterMark":65536,"buffer":{"head":null,"tail":null,"length":0},"length":0,"pipes":null,"pipesCount":0,"flowing":null,"ended":false,"endEmitted":false,"reading":false,"sync":true,"needReadable":false,"emittedReadable":false,"readableListening":false,"resumeScheduled":false,"emitClose":false,"autoDestroy":false,"destroyed":false,"defaultEncoding":"utf8","awaitDrainWriters":null,"multiAwaitDrain":false,"readingMore":false,"decoder":null,"encoding":null},"readable":true,"_events":{},"_eventsCount":2,"path":"/Users/xufeiyang/Documents/毕业设计/book-manager-system/server/public/img/2020/11/1606624105652.jpeg","fd":null,"flags":"r","mode":438,"end":null,"autoClose":true,"bytesRead":0,"closed":false} - ::1 - 1ms
[2020-11-30T16:55:01.586] [INFO] [Default] - GET 200 /img/2020/11/1606625268325.jpeg 请求参数： {}  响应参数： {"_readableState":{"objectMode":false,"highWaterMark":65536,"buffer":{"head":null,"tail":null,"length":0},"length":0,"pipes":null,"pipesCount":0,"flowing":null,"ended":false,"endEmitted":false,"reading":false,"sync":true,"needReadable":false,"emittedReadable":false,"readableListening":false,"resumeScheduled":false,"emitClose":false,"autoDestroy":false,"destroyed":false,"defaultEncoding":"utf8","awaitDrainWriters":null,"multiAwaitDrain":false,"readingMore":false,"decoder":null,"encoding":null},"readable":true,"_events":{},"_eventsCount":2,"path":"/Users/xufeiyang/Documents/毕业设计/book-manager-system/server/public/img/2020/11/1606625268325.jpeg","fd":null,"flags":"r","mode":438,"end":null,"autoClose":true,"bytesRead":0,"closed":false} - ::1 - 2ms
[2020-11-30T16:56:55.560] [INFO] [Default] - GET 200 /api/AdList 请求参数： {}  响应参数： {"code":200,"msg":"success","data":[{"state":0,"_id":"5fc3236e380c3110d3bf12fa","title":"爱情买卖","book":"5fbb7f506038ee7aae10e905","remark":"爱情不强求，婚姻不强留","image":"/img/2020/11/1606624105652.jpeg","create_time":"2020-11-29T04:28:30.318Z","update_time":"2020-11-29T11:27:33.756Z"},{"state":0,"_id":"5fc327fb6929e513e39abc95","title":"爱情","book":"5fbb7f506038ee7aae10e89a","image":"/img/2020/11/1606625268325.jpeg","create_time":"2020-11-29T04:47:55.029Z","update_time":"2020-11-29T04:47:55.029Z"}]} - ::1 - 3ms
[2020-11-30T16:56:55.588] [INFO] [Default] - GET 200 /api/AdList 请求参数： {}  响应参数： {"code":200,"msg":"success","data":[{"state":0,"_id":"5fc3236e380c3110d3bf12fa","title":"爱情买卖","book":"5fbb7f506038ee7aae10e905","remark":"爱情不强求，婚姻不强留","image":"/img/2020/11/1606624105652.jpeg","create_time":"2020-11-29T04:28:30.318Z","update_time":"2020-11-29T11:27:33.756Z"},{"state":0,"_id":"5fc327fb6929e513e39abc95","title":"爱情","book":"5fbb7f506038ee7aae10e89a","image":"/img/2020/11/1606625268325.jpeg","create_time":"2020-11-29T04:47:55.029Z","update_time":"2020-11-29T04:47:55.029Z"}]} - ::1 - 3ms
[2020-11-30T16:56:55.841] [INFO] [Default] - GET 200 /img/2020/11/1606624105652.jpeg 请求参数： {}  响应参数： {"_readableState":{"objectMode":false,"highWaterMark":65536,"buffer":{"head":null,"tail":null,"length":0},"length":0,"pipes":null,"pipesCount":0,"flowing":null,"ended":false,"endEmitted":false,"reading":false,"sync":true,"needReadable":false,"emittedReadable":false,"readableListening":false,"resumeScheduled":false,"emitClose":false,"autoDestroy":false,"destroyed":false,"defaultEncoding":"utf8","awaitDrainWriters":null,"multiAwaitDrain":false,"readingMore":false,"decoder":null,"encoding":null},"readable":true,"_events":{},"_eventsCount":2,"path":"/Users/xufeiyang/Documents/毕业设计/book-manager-system/server/public/img/2020/11/1606624105652.jpeg","fd":null,"flags":"r","mode":438,"end":null,"autoClose":true,"bytesRead":0,"closed":false} - ::1 - 1ms
[2020-11-30T16:56:55.844] [INFO] [Default] - GET 200 /img/2020/11/1606625268325.jpeg 请求参数： {}  响应参数： {"_readableState":{"objectMode":false,"highWaterMark":65536,"buffer":{"head":null,"tail":null,"length":0},"length":0,"pipes":null,"pipesCount":0,"flowing":null,"ended":false,"endEmitted":false,"reading":false,"sync":true,"needReadable":false,"emittedReadable":false,"readableListening":false,"resumeScheduled":false,"emitClose":false,"autoDestroy":false,"destroyed":false,"defaultEncoding":"utf8","awaitDrainWriters":null,"multiAwaitDrain":false,"readingMore":false,"decoder":null,"encoding":null},"readable":true,"_events":{},"_eventsCount":2,"path":"/Users/xufeiyang/Documents/毕业设计/book-manager-system/server/public/img/2020/11/1606625268325.jpeg","fd":null,"flags":"r","mode":438,"end":null,"autoClose":true,"bytesRead":0,"closed":false} - ::1 - 2ms
[2020-11-30T17:02:51.964] [INFO] [Default] - GET 200 /api/AdList 请求参数： {}  响应参数： {"code":200,"msg":"success","data":[{"state":0,"_id":"5fc3236e380c3110d3bf12fa","title":"爱情买卖","book":"5fbb7f506038ee7aae10e905","remark":"爱情不强求，婚姻不强留","image":"/img/2020/11/1606624105652.jpeg","create_time":"2020-11-29T04:28:30.318Z","update_time":"2020-11-29T11:27:33.756Z"},{"state":0,"_id":"5fc327fb6929e513e39abc95","title":"爱情","book":"5fbb7f506038ee7aae10e89a","image":"/img/2020/11/1606625268325.jpeg","create_time":"2020-11-29T04:47:55.029Z","update_time":"2020-11-29T04:47:55.029Z"}]} - ::1 - 3ms
[2020-11-30T17:02:52.240] [INFO] [Default] - GET 200 /img/2020/11/1606625268325.jpeg 请求参数： {}  响应参数： {"_readableState":{"objectMode":false,"highWaterMark":65536,"buffer":{"head":null,"tail":null,"length":0},"length":0,"pipes":null,"pipesCount":0,"flowing":null,"ended":false,"endEmitted":false,"reading":false,"sync":true,"needReadable":false,"emittedReadable":false,"readableListening":false,"resumeScheduled":false,"emitClose":false,"autoDestroy":false,"destroyed":false,"defaultEncoding":"utf8","awaitDrainWriters":null,"multiAwaitDrain":false,"readingMore":false,"decoder":null,"encoding":null},"readable":true,"_events":{},"_eventsCount":2,"path":"/Users/xufeiyang/Documents/毕业设计/book-manager-system/server/public/img/2020/11/1606625268325.jpeg","fd":null,"flags":"r","mode":438,"end":null,"autoClose":true,"bytesRead":0,"closed":false} - ::1 - 3ms
[2020-11-30T17:02:52.240] [INFO] [Default] - GET 200 /img/2020/11/1606624105652.jpeg 请求参数： {}  响应参数： {"_readableState":{"objectMode":false,"highWaterMark":65536,"buffer":{"head":null,"tail":null,"length":0},"length":0,"pipes":null,"pipesCount":0,"flowing":null,"ended":false,"endEmitted":false,"reading":false,"sync":true,"needReadable":false,"emittedReadable":false,"readableListening":false,"resumeScheduled":false,"emitClose":false,"autoDestroy":false,"destroyed":false,"defaultEncoding":"utf8","awaitDrainWriters":null,"multiAwaitDrain":false,"readingMore":false,"decoder":null,"encoding":null},"readable":true,"_events":{},"_eventsCount":2,"path":"/Users/xufeiyang/Documents/毕业设计/book-manager-system/server/public/img/2020/11/1606624105652.jpeg","fd":null,"flags":"r","mode":438,"end":null,"autoClose":true,"bytesRead":0,"closed":false} - ::1 - 4ms
[2020-11-30T17:03:04.164] [INFO] [Default] - GET 200 /api/AdList 请求参数： {}  响应参数： {"code":200,"msg":"success","data":[{"state":0,"_id":"5fc3236e380c3110d3bf12fa","title":"爱情买卖","book":"5fbb7f506038ee7aae10e905","remark":"爱情不强求，婚姻不强留","image":"/img/2020/11/1606624105652.jpeg","create_time":"2020-11-29T04:28:30.318Z","update_time":"2020-11-29T11:27:33.756Z"},{"state":0,"_id":"5fc327fb6929e513e39abc95","title":"爱情","book":"5fbb7f506038ee7aae10e89a","image":"/img/2020/11/1606625268325.jpeg","create_time":"2020-11-29T04:47:55.029Z","update_time":"2020-11-29T04:47:55.029Z"}]} - ::1 - 3ms
[2020-11-30T17:03:04.410] [INFO] [Default] - GET 200 /img/2020/11/1606624105652.jpeg 请求参数： {}  响应参数： {"_readableState":{"objectMode":false,"highWaterMark":65536,"buffer":{"head":null,"tail":null,"length":0},"length":0,"pipes":null,"pipesCount":0,"flowing":null,"ended":false,"endEmitted":false,"reading":false,"sync":true,"needReadable":false,"emittedReadable":false,"readableListening":false,"resumeScheduled":false,"emitClose":false,"autoDestroy":false,"destroyed":false,"defaultEncoding":"utf8","awaitDrainWriters":null,"multiAwaitDrain":false,"readingMore":false,"decoder":null,"encoding":null},"readable":true,"_events":{},"_eventsCount":2,"path":"/Users/xufeiyang/Documents/毕业设计/book-manager-system/server/public/img/2020/11/1606624105652.jpeg","fd":null,"flags":"r","mode":438,"end":null,"autoClose":true,"bytesRead":0,"closed":false} - ::1 - 1ms
[2020-11-30T17:03:04.412] [INFO] [Default] - GET 200 /img/2020/11/1606625268325.jpeg 请求参数： {}  响应参数： {"_readableState":{"objectMode":false,"highWaterMark":65536,"buffer":{"head":null,"tail":null,"length":0},"length":0,"pipes":null,"pipesCount":0,"flowing":null,"ended":false,"endEmitted":false,"reading":false,"sync":true,"needReadable":false,"emittedReadable":false,"readableListening":false,"resumeScheduled":false,"emitClose":false,"autoDestroy":false,"destroyed":false,"defaultEncoding":"utf8","awaitDrainWriters":null,"multiAwaitDrain":false,"readingMore":false,"decoder":null,"encoding":null},"readable":true,"_events":{},"_eventsCount":2,"path":"/Users/xufeiyang/Documents/毕业设计/book-manager-system/server/public/img/2020/11/1606625268325.jpeg","fd":null,"flags":"r","mode":438,"end":null,"autoClose":true,"bytesRead":0,"closed":false} - ::1 - 3ms
[2020-11-30T17:03:36.607] [INFO] [Default] - GET 200 /api/AdList 请求参数： {}  响应参数： {"code":200,"msg":"success","data":[{"state":0,"_id":"5fc3236e380c3110d3bf12fa","title":"爱情买卖","book":"5fbb7f506038ee7aae10e905","remark":"爱情不强求，婚姻不强留","image":"/img/2020/11/1606624105652.jpeg","create_time":"2020-11-29T04:28:30.318Z","update_time":"2020-11-29T11:27:33.756Z"},{"state":0,"_id":"5fc327fb6929e513e39abc95","title":"爱情","book":"5fbb7f506038ee7aae10e89a","image":"/img/2020/11/1606625268325.jpeg","create_time":"2020-11-29T04:47:55.029Z","update_time":"2020-11-29T04:47:55.029Z"}]} - ::1 - 3ms
[2020-11-30T17:03:36.884] [INFO] [Default] - GET 200 /img/2020/11/1606624105652.jpeg 请求参数： {}  响应参数： {"_readableState":{"objectMode":false,"highWaterMark":65536,"buffer":{"head":null,"tail":null,"length":0},"length":0,"pipes":null,"pipesCount":0,"flowing":null,"ended":false,"endEmitted":false,"reading":false,"sync":true,"needReadable":false,"emittedReadable":false,"readableListening":false,"resumeScheduled":false,"emitClose":false,"autoDestroy":false,"destroyed":false,"defaultEncoding":"utf8","awaitDrainWriters":null,"multiAwaitDrain":false,"readingMore":false,"decoder":null,"encoding":null},"readable":true,"_events":{},"_eventsCount":2,"path":"/Users/xufeiyang/Documents/毕业设计/book-manager-system/server/public/img/2020/11/1606624105652.jpeg","fd":null,"flags":"r","mode":438,"end":null,"autoClose":true,"bytesRead":0,"closed":false} - ::1 - 2ms
[2020-11-30T17:03:36.888] [INFO] [Default] - GET 200 /img/2020/11/1606625268325.jpeg 请求参数： {}  响应参数： {"_readableState":{"objectMode":false,"highWaterMark":65536,"buffer":{"head":null,"tail":null,"length":0},"length":0,"pipes":null,"pipesCount":0,"flowing":null,"ended":false,"endEmitted":false,"reading":false,"sync":true,"needReadable":false,"emittedReadable":false,"readableListening":false,"resumeScheduled":false,"emitClose":false,"autoDestroy":false,"destroyed":false,"defaultEncoding":"utf8","awaitDrainWriters":null,"multiAwaitDrain":false,"readingMore":false,"decoder":null,"encoding":null},"readable":true,"_events":{},"_eventsCount":2,"path":"/Users/xufeiyang/Documents/毕业设计/book-manager-system/server/public/img/2020/11/1606625268325.jpeg","fd":null,"flags":"r","mode":438,"end":null,"autoClose":true,"bytesRead":0,"closed":false} - ::1 - 2ms
[2020-11-30T17:09:06.625] [INFO] [Default] - GET 200 /api/AdList 请求参数： {}  响应参数： {"code":200,"msg":"success","data":[{"state":0,"_id":"5fc3236e380c3110d3bf12fa","title":"爱情买卖","book":"5fbb7f506038ee7aae10e905","remark":"爱情不强求，婚姻不强留","image":"/img/2020/11/1606624105652.jpeg","create_time":"2020-11-29T04:28:30.318Z","update_time":"2020-11-29T11:27:33.756Z"},{"state":0,"_id":"5fc327fb6929e513e39abc95","title":"爱情","book":"5fbb7f506038ee7aae10e89a","image":"/img/2020/11/1606625268325.jpeg","create_time":"2020-11-29T04:47:55.029Z","update_time":"2020-11-29T04:47:55.029Z"}]} - ::1 - 4ms
[2020-11-30T17:09:06.902] [INFO] [Default] - GET 200 /img/2020/11/1606624105652.jpeg 请求参数： {}  响应参数： {"_readableState":{"objectMode":false,"highWaterMark":65536,"buffer":{"head":null,"tail":null,"length":0},"length":0,"pipes":null,"pipesCount":0,"flowing":null,"ended":false,"endEmitted":false,"reading":false,"sync":true,"needReadable":false,"emittedReadable":false,"readableListening":false,"resumeScheduled":false,"emitClose":false,"autoDestroy":false,"destroyed":false,"defaultEncoding":"utf8","awaitDrainWriters":null,"multiAwaitDrain":false,"readingMore":false,"decoder":null,"encoding":null},"readable":true,"_events":{},"_eventsCount":2,"path":"/Users/xufeiyang/Documents/毕业设计/book-manager-system/server/public/img/2020/11/1606624105652.jpeg","fd":null,"flags":"r","mode":438,"end":null,"autoClose":true,"bytesRead":0,"closed":false} - ::1 - 1ms
[2020-11-30T17:09:06.903] [INFO] [Default] - GET 200 /img/2020/11/1606625268325.jpeg 请求参数： {}  响应参数： {"_readableState":{"objectMode":false,"highWaterMark":65536,"buffer":{"head":null,"tail":null,"length":0},"length":0,"pipes":null,"pipesCount":0,"flowing":null,"ended":false,"endEmitted":false,"reading":false,"sync":true,"needReadable":false,"emittedReadable":false,"readableListening":false,"resumeScheduled":false,"emitClose":false,"autoDestroy":false,"destroyed":false,"defaultEncoding":"utf8","awaitDrainWriters":null,"multiAwaitDrain":false,"readingMore":false,"decoder":null,"encoding":null},"readable":true,"_events":{},"_eventsCount":2,"path":"/Users/xufeiyang/Documents/毕业设计/book-manager-system/server/public/img/2020/11/1606625268325.jpeg","fd":null,"flags":"r","mode":438,"end":null,"autoClose":true,"bytesRead":0,"closed":false} - ::1 - 1ms
[2020-11-30T17:14:09.231] [INFO] [Default] - GET 200 /api/AdList 请求参数： {}  响应参数： {"code":200,"msg":"success","data":[{"state":0,"_id":"5fc3236e380c3110d3bf12fa","title":"爱情买卖","book":"5fbb7f506038ee7aae10e905","remark":"爱情不强求，婚姻不强留","image":"/img/2020/11/1606624105652.jpeg","create_time":"2020-11-29T04:28:30.318Z","update_time":"2020-11-29T11:27:33.756Z"},{"state":0,"_id":"5fc327fb6929e513e39abc95","title":"爱情","book":"5fbb7f506038ee7aae10e89a","image":"/img/2020/11/1606625268325.jpeg","create_time":"2020-11-29T04:47:55.029Z","update_time":"2020-11-29T04:47:55.029Z"}]} - ::1 - 5ms
[2020-11-30T17:14:09.529] [INFO] [Default] - GET 200 /img/2020/11/1606624105652.jpeg 请求参数： {}  响应参数： {"_readableState":{"objectMode":false,"highWaterMark":65536,"buffer":{"head":null,"tail":null,"length":0},"length":0,"pipes":null,"pipesCount":0,"flowing":null,"ended":false,"endEmitted":false,"reading":false,"sync":true,"needReadable":false,"emittedReadable":false,"readableListening":false,"resumeScheduled":false,"emitClose":false,"autoDestroy":false,"destroyed":false,"defaultEncoding":"utf8","awaitDrainWriters":null,"multiAwaitDrain":false,"readingMore":false,"decoder":null,"encoding":null},"readable":true,"_events":{},"_eventsCount":2,"path":"/Users/xufeiyang/Documents/毕业设计/book-manager-system/server/public/img/2020/11/1606624105652.jpeg","fd":null,"flags":"r","mode":438,"end":null,"autoClose":true,"bytesRead":0,"closed":false} - ::1 - 1ms
[2020-11-30T17:14:09.532] [INFO] [Default] - GET 200 /img/2020/11/1606625268325.jpeg 请求参数： {}  响应参数： {"_readableState":{"objectMode":false,"highWaterMark":65536,"buffer":{"head":null,"tail":null,"length":0},"length":0,"pipes":null,"pipesCount":0,"flowing":null,"ended":false,"endEmitted":false,"reading":false,"sync":true,"needReadable":false,"emittedReadable":false,"readableListening":false,"resumeScheduled":false,"emitClose":false,"autoDestroy":false,"destroyed":false,"defaultEncoding":"utf8","awaitDrainWriters":null,"multiAwaitDrain":false,"readingMore":false,"decoder":null,"encoding":null},"readable":true,"_events":{},"_eventsCount":2,"path":"/Users/xufeiyang/Documents/毕业设计/book-manager-system/server/public/img/2020/11/1606625268325.jpeg","fd":null,"flags":"r","mode":438,"end":null,"autoClose":true,"bytesRead":0,"closed":false} - ::1 - 1ms
[2020-11-30T17:14:31.824] [INFO] [Default] - GET 200 /api/AdList 请求参数： {}  响应参数： {"code":200,"msg":"success","data":[{"state":0,"_id":"5fc3236e380c3110d3bf12fa","title":"爱情买卖","book":"5fbb7f506038ee7aae10e905","remark":"爱情不强求，婚姻不强留","image":"/img/2020/11/1606624105652.jpeg","create_time":"2020-11-29T04:28:30.318Z","update_time":"2020-11-29T11:27:33.756Z"},{"state":0,"_id":"5fc327fb6929e513e39abc95","title":"爱情","book":"5fbb7f506038ee7aae10e89a","image":"/img/2020/11/1606625268325.jpeg","create_time":"2020-11-29T04:47:55.029Z","update_time":"2020-11-29T04:47:55.029Z"}]} - ::1 - 3ms
[2020-11-30T17:14:32.090] [INFO] [Default] - GET 200 /img/2020/11/1606624105652.jpeg 请求参数： {}  响应参数： {"_readableState":{"objectMode":false,"highWaterMark":65536,"buffer":{"head":null,"tail":null,"length":0},"length":0,"pipes":null,"pipesCount":0,"flowing":null,"ended":false,"endEmitted":false,"reading":false,"sync":true,"needReadable":false,"emittedReadable":false,"readableListening":false,"resumeScheduled":false,"emitClose":false,"autoDestroy":false,"destroyed":false,"defaultEncoding":"utf8","awaitDrainWriters":null,"multiAwaitDrain":false,"readingMore":false,"decoder":null,"encoding":null},"readable":true,"_events":{},"_eventsCount":2,"path":"/Users/xufeiyang/Documents/毕业设计/book-manager-system/server/public/img/2020/11/1606624105652.jpeg","fd":null,"flags":"r","mode":438,"end":null,"autoClose":true,"bytesRead":0,"closed":false} - ::1 - 1ms
[2020-11-30T17:14:32.201] [INFO] [Default] - GET 200 /img/2020/11/1606625268325.jpeg 请求参数： {}  响应参数： {"_readableState":{"objectMode":false,"highWaterMark":65536,"buffer":{"head":null,"tail":null,"length":0},"length":0,"pipes":null,"pipesCount":0,"flowing":null,"ended":false,"endEmitted":false,"reading":false,"sync":true,"needReadable":false,"emittedReadable":false,"readableListening":false,"resumeScheduled":false,"emitClose":false,"autoDestroy":false,"destroyed":false,"defaultEncoding":"utf8","awaitDrainWriters":null,"multiAwaitDrain":false,"readingMore":false,"decoder":null,"encoding":null},"readable":true,"_events":{},"_eventsCount":2,"path":"/Users/xufeiyang/Documents/毕业设计/book-manager-system/server/public/img/2020/11/1606625268325.jpeg","fd":null,"flags":"r","mode":438,"end":null,"autoClose":true,"bytesRead":0,"closed":false} - ::1 - 1ms
[2020-11-30T17:16:03.975] [INFO] [Default] - GET 200 /api/AdList 请求参数： {}  响应参数： {"code":200,"msg":"success","data":[{"state":0,"_id":"5fc3236e380c3110d3bf12fa","title":"爱情买卖","book":"5fbb7f506038ee7aae10e905","remark":"爱情不强求，婚姻不强留","image":"/img/2020/11/1606624105652.jpeg","create_time":"2020-11-29T04:28:30.318Z","update_time":"2020-11-29T11:27:33.756Z"},{"state":0,"_id":"5fc327fb6929e513e39abc95","title":"爱情","book":"5fbb7f506038ee7aae10e89a","image":"/img/2020/11/1606625268325.jpeg","create_time":"2020-11-29T04:47:55.029Z","update_time":"2020-11-29T04:47:55.029Z"}]} - ::1 - 3ms
[2020-11-30T17:16:04.247] [INFO] [Default] - GET 200 /img/2020/11/1606624105652.jpeg 请求参数： {}  响应参数： {"_readableState":{"objectMode":false,"highWaterMark":65536,"buffer":{"head":null,"tail":null,"length":0},"length":0,"pipes":null,"pipesCount":0,"flowing":null,"ended":false,"endEmitted":false,"reading":false,"sync":true,"needReadable":false,"emittedReadable":false,"readableListening":false,"resumeScheduled":false,"emitClose":false,"autoDestroy":false,"destroyed":false,"defaultEncoding":"utf8","awaitDrainWriters":null,"multiAwaitDrain":false,"readingMore":false,"decoder":null,"encoding":null},"readable":true,"_events":{},"_eventsCount":2,"path":"/Users/xufeiyang/Documents/毕业设计/book-manager-system/server/public/img/2020/11/1606624105652.jpeg","fd":null,"flags":"r","mode":438,"end":null,"autoClose":true,"bytesRead":0,"closed":false} - ::1 - 1ms
[2020-11-30T17:16:04.359] [INFO] [Default] - GET 200 /img/2020/11/1606625268325.jpeg 请求参数： {}  响应参数： {"_readableState":{"objectMode":false,"highWaterMark":65536,"buffer":{"head":null,"tail":null,"length":0},"length":0,"pipes":null,"pipesCount":0,"flowing":null,"ended":false,"endEmitted":false,"reading":false,"sync":true,"needReadable":false,"emittedReadable":false,"readableListening":false,"resumeScheduled":false,"emitClose":false,"autoDestroy":false,"destroyed":false,"defaultEncoding":"utf8","awaitDrainWriters":null,"multiAwaitDrain":false,"readingMore":false,"decoder":null,"encoding":null},"readable":true,"_events":{},"_eventsCount":2,"path":"/Users/xufeiyang/Documents/毕业设计/book-manager-system/server/public/img/2020/11/1606625268325.jpeg","fd":null,"flags":"r","mode":438,"end":null,"autoClose":true,"bytesRead":0,"closed":false} - ::1 - 1ms
[2020-11-30T17:16:20.250] [INFO] [Default] - GET 200 /api/AdList 请求参数： {}  响应参数： {"code":200,"msg":"success","data":[{"state":0,"_id":"5fc3236e380c3110d3bf12fa","title":"爱情买卖","book":"5fbb7f506038ee7aae10e905","remark":"爱情不强求，婚姻不强留","image":"/img/2020/11/1606624105652.jpeg","create_time":"2020-11-29T04:28:30.318Z","update_time":"2020-11-29T11:27:33.756Z"},{"state":0,"_id":"5fc327fb6929e513e39abc95","title":"爱情","book":"5fbb7f506038ee7aae10e89a","image":"/img/2020/11/1606625268325.jpeg","create_time":"2020-11-29T04:47:55.029Z","update_time":"2020-11-29T04:47:55.029Z"}]} - ::1 - 3ms
[2020-11-30T17:16:20.489] [INFO] [Default] - GET 200 /img/2020/11/1606624105652.jpeg 请求参数： {}  响应参数： {"_readableState":{"objectMode":false,"highWaterMark":65536,"buffer":{"head":null,"tail":null,"length":0},"length":0,"pipes":null,"pipesCount":0,"flowing":null,"ended":false,"endEmitted":false,"reading":false,"sync":true,"needReadable":false,"emittedReadable":false,"readableListening":false,"resumeScheduled":false,"emitClose":false,"autoDestroy":false,"destroyed":false,"defaultEncoding":"utf8","awaitDrainWriters":null,"multiAwaitDrain":false,"readingMore":false,"decoder":null,"encoding":null},"readable":true,"_events":{},"_eventsCount":2,"path":"/Users/xufeiyang/Documents/毕业设计/book-manager-system/server/public/img/2020/11/1606624105652.jpeg","fd":null,"flags":"r","mode":438,"end":null,"autoClose":true,"bytesRead":0,"closed":false} - ::1 - 1ms
[2020-11-30T17:16:20.493] [INFO] [Default] - GET 200 /img/2020/11/1606625268325.jpeg 请求参数： {}  响应参数： {"_readableState":{"objectMode":false,"highWaterMark":65536,"buffer":{"head":null,"tail":null,"length":0},"length":0,"pipes":null,"pipesCount":0,"flowing":null,"ended":false,"endEmitted":false,"reading":false,"sync":true,"needReadable":false,"emittedReadable":false,"readableListening":false,"resumeScheduled":false,"emitClose":false,"autoDestroy":false,"destroyed":false,"defaultEncoding":"utf8","awaitDrainWriters":null,"multiAwaitDrain":false,"readingMore":false,"decoder":null,"encoding":null},"readable":true,"_events":{},"_eventsCount":2,"path":"/Users/xufeiyang/Documents/毕业设计/book-manager-system/server/public/img/2020/11/1606625268325.jpeg","fd":null,"flags":"r","mode":438,"end":null,"autoClose":true,"bytesRead":0,"closed":false} - ::1 - 2ms
[2020-11-30T17:16:39.040] [INFO] [Default] - GET 200 /api/AdList 请求参数： {}  响应参数： {"code":200,"msg":"success","data":[{"state":0,"_id":"5fc3236e380c3110d3bf12fa","title":"爱情买卖","book":"5fbb7f506038ee7aae10e905","remark":"爱情不强求，婚姻不强留","image":"/img/2020/11/1606624105652.jpeg","create_time":"2020-11-29T04:28:30.318Z","update_time":"2020-11-29T11:27:33.756Z"},{"state":0,"_id":"5fc327fb6929e513e39abc95","title":"爱情","book":"5fbb7f506038ee7aae10e89a","image":"/img/2020/11/1606625268325.jpeg","create_time":"2020-11-29T04:47:55.029Z","update_time":"2020-11-29T04:47:55.029Z"}]} - ::1 - 3ms
[2020-11-30T17:16:39.271] [INFO] [Default] - GET 200 /img/2020/11/1606624105652.jpeg 请求参数： {}  响应参数： {"_readableState":{"objectMode":false,"highWaterMark":65536,"buffer":{"head":null,"tail":null,"length":0},"length":0,"pipes":null,"pipesCount":0,"flowing":null,"ended":false,"endEmitted":false,"reading":false,"sync":true,"needReadable":false,"emittedReadable":false,"readableListening":false,"resumeScheduled":false,"emitClose":false,"autoDestroy":false,"destroyed":false,"defaultEncoding":"utf8","awaitDrainWriters":null,"multiAwaitDrain":false,"readingMore":false,"decoder":null,"encoding":null},"readable":true,"_events":{},"_eventsCount":2,"path":"/Users/xufeiyang/Documents/毕业设计/book-manager-system/server/public/img/2020/11/1606624105652.jpeg","fd":null,"flags":"r","mode":438,"end":null,"autoClose":true,"bytesRead":0,"closed":false} - ::1 - 0ms
[2020-11-30T17:16:39.273] [INFO] [Default] - GET 200 /img/2020/11/1606625268325.jpeg 请求参数： {}  响应参数： {"_readableState":{"objectMode":false,"highWaterMark":65536,"buffer":{"head":null,"tail":null,"length":0},"length":0,"pipes":null,"pipesCount":0,"flowing":null,"ended":false,"endEmitted":false,"reading":false,"sync":true,"needReadable":false,"emittedReadable":false,"readableListening":false,"resumeScheduled":false,"emitClose":false,"autoDestroy":false,"destroyed":false,"defaultEncoding":"utf8","awaitDrainWriters":null,"multiAwaitDrain":false,"readingMore":false,"decoder":null,"encoding":null},"readable":true,"_events":{},"_eventsCount":2,"path":"/Users/xufeiyang/Documents/毕业设计/book-manager-system/server/public/img/2020/11/1606625268325.jpeg","fd":null,"flags":"r","mode":438,"end":null,"autoClose":true,"bytesRead":0,"closed":false} - ::1 - 1ms
[2020-11-30T17:16:44.116] [INFO] [Default] - GET 200 /api/AdList 请求参数： {}  响应参数： {"code":200,"msg":"success","data":[{"state":0,"_id":"5fc3236e380c3110d3bf12fa","title":"爱情买卖","book":"5fbb7f506038ee7aae10e905","remark":"爱情不强求，婚姻不强留","image":"/img/2020/11/1606624105652.jpeg","create_time":"2020-11-29T04:28:30.318Z","update_time":"2020-11-29T11:27:33.756Z"},{"state":0,"_id":"5fc327fb6929e513e39abc95","title":"爱情","book":"5fbb7f506038ee7aae10e89a","image":"/img/2020/11/1606625268325.jpeg","create_time":"2020-11-29T04:47:55.029Z","update_time":"2020-11-29T04:47:55.029Z"}]} - ::1 - 4ms
[2020-11-30T17:16:44.379] [INFO] [Default] - GET 200 /img/2020/11/1606624105652.jpeg 请求参数： {}  响应参数： {"_readableState":{"objectMode":false,"highWaterMark":65536,"buffer":{"head":null,"tail":null,"length":0},"length":0,"pipes":null,"pipesCount":0,"flowing":null,"ended":false,"endEmitted":false,"reading":false,"sync":true,"needReadable":false,"emittedReadable":false,"readableListening":false,"resumeScheduled":false,"emitClose":false,"autoDestroy":false,"destroyed":false,"defaultEncoding":"utf8","awaitDrainWriters":null,"multiAwaitDrain":false,"readingMore":false,"decoder":null,"encoding":null},"readable":true,"_events":{},"_eventsCount":2,"path":"/Users/xufeiyang/Documents/毕业设计/book-manager-system/server/public/img/2020/11/1606624105652.jpeg","fd":null,"flags":"r","mode":438,"end":null,"autoClose":true,"bytesRead":0,"closed":false} - ::1 - 1ms
[2020-11-30T17:16:44.382] [INFO] [Default] - GET 200 /img/2020/11/1606625268325.jpeg 请求参数： {}  响应参数： {"_readableState":{"objectMode":false,"highWaterMark":65536,"buffer":{"head":null,"tail":null,"length":0},"length":0,"pipes":null,"pipesCount":0,"flowing":null,"ended":false,"endEmitted":false,"reading":false,"sync":true,"needReadable":false,"emittedReadable":false,"readableListening":false,"resumeScheduled":false,"emitClose":false,"autoDestroy":false,"destroyed":false,"defaultEncoding":"utf8","awaitDrainWriters":null,"multiAwaitDrain":false,"readingMore":false,"decoder":null,"encoding":null},"readable":true,"_events":{},"_eventsCount":2,"path":"/Users/xufeiyang/Documents/毕业设计/book-manager-system/server/public/img/2020/11/1606625268325.jpeg","fd":null,"flags":"r","mode":438,"end":null,"autoClose":true,"bytesRead":0,"closed":false} - ::1 - 1ms
[2020-11-30T17:17:01.851] [INFO] [Default] - GET 200 /api/AdList 请求参数： {}  响应参数： {"code":200,"msg":"success","data":[{"state":0,"_id":"5fc3236e380c3110d3bf12fa","title":"爱情买卖","book":"5fbb7f506038ee7aae10e905","remark":"爱情不强求，婚姻不强留","image":"/img/2020/11/1606624105652.jpeg","create_time":"2020-11-29T04:28:30.318Z","update_time":"2020-11-29T11:27:33.756Z"},{"state":0,"_id":"5fc327fb6929e513e39abc95","title":"爱情","book":"5fbb7f506038ee7aae10e89a","image":"/img/2020/11/1606625268325.jpeg","create_time":"2020-11-29T04:47:55.029Z","update_time":"2020-11-29T04:47:55.029Z"}]} - ::1 - 2ms
[2020-11-30T17:17:02.097] [INFO] [Default] - GET 200 /img/2020/11/1606624105652.jpeg 请求参数： {}  响应参数： {"_readableState":{"objectMode":false,"highWaterMark":65536,"buffer":{"head":null,"tail":null,"length":0},"length":0,"pipes":null,"pipesCount":0,"flowing":null,"ended":false,"endEmitted":false,"reading":false,"sync":true,"needReadable":false,"emittedReadable":false,"readableListening":false,"resumeScheduled":false,"emitClose":false,"autoDestroy":false,"destroyed":false,"defaultEncoding":"utf8","awaitDrainWriters":null,"multiAwaitDrain":false,"readingMore":false,"decoder":null,"encoding":null},"readable":true,"_events":{},"_eventsCount":2,"path":"/Users/xufeiyang/Documents/毕业设计/book-manager-system/server/public/img/2020/11/1606624105652.jpeg","fd":null,"flags":"r","mode":438,"end":null,"autoClose":true,"bytesRead":0,"closed":false} - ::1 - 1ms
[2020-11-30T17:17:02.099] [INFO] [Default] - GET 200 /img/2020/11/1606625268325.jpeg 请求参数： {}  响应参数： {"_readableState":{"objectMode":false,"highWaterMark":65536,"buffer":{"head":null,"tail":null,"length":0},"length":0,"pipes":null,"pipesCount":0,"flowing":null,"ended":false,"endEmitted":false,"reading":false,"sync":true,"needReadable":false,"emittedReadable":false,"readableListening":false,"resumeScheduled":false,"emitClose":false,"autoDestroy":false,"destroyed":false,"defaultEncoding":"utf8","awaitDrainWriters":null,"multiAwaitDrain":false,"readingMore":false,"decoder":null,"encoding":null},"readable":true,"_events":{},"_eventsCount":2,"path":"/Users/xufeiyang/Documents/毕业设计/book-manager-system/server/public/img/2020/11/1606625268325.jpeg","fd":null,"flags":"r","mode":438,"end":null,"autoClose":true,"bytesRead":0,"closed":false} - ::1 - 1ms
[2020-11-30T17:17:34.204] [INFO] [Default] - GET 200 /api/AdList 请求参数： {}  响应参数： {"code":200,"msg":"success","data":[{"state":0,"_id":"5fc3236e380c3110d3bf12fa","title":"爱情买卖","book":"5fbb7f506038ee7aae10e905","remark":"爱情不强求，婚姻不强留","image":"/img/2020/11/1606624105652.jpeg","create_time":"2020-11-29T04:28:30.318Z","update_time":"2020-11-29T11:27:33.756Z"},{"state":0,"_id":"5fc327fb6929e513e39abc95","title":"爱情","book":"5fbb7f506038ee7aae10e89a","image":"/img/2020/11/1606625268325.jpeg","create_time":"2020-11-29T04:47:55.029Z","update_time":"2020-11-29T04:47:55.029Z"}]} - ::1 - 3ms
[2020-11-30T17:17:34.494] [INFO] [Default] - GET 200 /img/2020/11/1606624105652.jpeg 请求参数： {}  响应参数： {"_readableState":{"objectMode":false,"highWaterMark":65536,"buffer":{"head":null,"tail":null,"length":0},"length":0,"pipes":null,"pipesCount":0,"flowing":null,"ended":false,"endEmitted":false,"reading":false,"sync":true,"needReadable":false,"emittedReadable":false,"readableListening":false,"resumeScheduled":false,"emitClose":false,"autoDestroy":false,"destroyed":false,"defaultEncoding":"utf8","awaitDrainWriters":null,"multiAwaitDrain":false,"readingMore":false,"decoder":null,"encoding":null},"readable":true,"_events":{},"_eventsCount":2,"path":"/Users/xufeiyang/Documents/毕业设计/book-manager-system/server/public/img/2020/11/1606624105652.jpeg","fd":null,"flags":"r","mode":438,"end":null,"autoClose":true,"bytesRead":0,"closed":false} - ::1 - 1ms
[2020-11-30T17:17:34.497] [INFO] [Default] - GET 200 /img/2020/11/1606625268325.jpeg 请求参数： {}  响应参数： {"_readableState":{"objectMode":false,"highWaterMark":65536,"buffer":{"head":null,"tail":null,"length":0},"length":0,"pipes":null,"pipesCount":0,"flowing":null,"ended":false,"endEmitted":false,"reading":false,"sync":true,"needReadable":false,"emittedReadable":false,"readableListening":false,"resumeScheduled":false,"emitClose":false,"autoDestroy":false,"destroyed":false,"defaultEncoding":"utf8","awaitDrainWriters":null,"multiAwaitDrain":false,"readingMore":false,"decoder":null,"encoding":null},"readable":true,"_events":{},"_eventsCount":2,"path":"/Users/xufeiyang/Documents/毕业设计/book-manager-system/server/public/img/2020/11/1606625268325.jpeg","fd":null,"flags":"r","mode":438,"end":null,"autoClose":true,"bytesRead":0,"closed":false} - ::1 - 2ms
[2020-11-30T17:18:15.529] [INFO] [Default] - GET 200 /api/AdList 请求参数： {}  响应参数： {"code":200,"msg":"success","data":[{"state":0,"_id":"5fc3236e380c3110d3bf12fa","title":"爱情买卖","book":"5fbb7f506038ee7aae10e905","remark":"爱情不强求，婚姻不强留","image":"/img/2020/11/1606624105652.jpeg","create_time":"2020-11-29T04:28:30.318Z","update_time":"2020-11-29T11:27:33.756Z"},{"state":0,"_id":"5fc327fb6929e513e39abc95","title":"爱情","book":"5fbb7f506038ee7aae10e89a","image":"/img/2020/11/1606625268325.jpeg","create_time":"2020-11-29T04:47:55.029Z","update_time":"2020-11-29T04:47:55.029Z"}]} - ::1 - 3ms
[2020-11-30T17:18:15.771] [INFO] [Default] - GET 200 /img/2020/11/1606624105652.jpeg 请求参数： {}  响应参数： {"_readableState":{"objectMode":false,"highWaterMark":65536,"buffer":{"head":null,"tail":null,"length":0},"length":0,"pipes":null,"pipesCount":0,"flowing":null,"ended":false,"endEmitted":false,"reading":false,"sync":true,"needReadable":false,"emittedReadable":false,"readableListening":false,"resumeScheduled":false,"emitClose":false,"autoDestroy":false,"destroyed":false,"defaultEncoding":"utf8","awaitDrainWriters":null,"multiAwaitDrain":false,"readingMore":false,"decoder":null,"encoding":null},"readable":true,"_events":{},"_eventsCount":2,"path":"/Users/xufeiyang/Documents/毕业设计/book-manager-system/server/public/img/2020/11/1606624105652.jpeg","fd":null,"flags":"r","mode":438,"end":null,"autoClose":true,"bytesRead":0,"closed":false} - ::1 - 0ms
[2020-11-30T17:18:15.878] [INFO] [Default] - GET 200 /img/2020/11/1606625268325.jpeg 请求参数： {}  响应参数： {"_readableState":{"objectMode":false,"highWaterMark":65536,"buffer":{"head":null,"tail":null,"length":0},"length":0,"pipes":null,"pipesCount":0,"flowing":null,"ended":false,"endEmitted":false,"reading":false,"sync":true,"needReadable":false,"emittedReadable":false,"readableListening":false,"resumeScheduled":false,"emitClose":false,"autoDestroy":false,"destroyed":false,"defaultEncoding":"utf8","awaitDrainWriters":null,"multiAwaitDrain":false,"readingMore":false,"decoder":null,"encoding":null},"readable":true,"_events":{},"_eventsCount":2,"path":"/Users/xufeiyang/Documents/毕业设计/book-manager-system/server/public/img/2020/11/1606625268325.jpeg","fd":null,"flags":"r","mode":438,"end":null,"autoClose":true,"bytesRead":0,"closed":false} - ::1 - 1ms
[2020-11-30T17:18:23.294] [INFO] [Default] - GET 200 /api/AdList 请求参数： {}  响应参数： {"code":200,"msg":"success","data":[{"state":0,"_id":"5fc3236e380c3110d3bf12fa","title":"爱情买卖","book":"5fbb7f506038ee7aae10e905","remark":"爱情不强求，婚姻不强留","image":"/img/2020/11/1606624105652.jpeg","create_time":"2020-11-29T04:28:30.318Z","update_time":"2020-11-29T11:27:33.756Z"},{"state":0,"_id":"5fc327fb6929e513e39abc95","title":"爱情","book":"5fbb7f506038ee7aae10e89a","image":"/img/2020/11/1606625268325.jpeg","create_time":"2020-11-29T04:47:55.029Z","update_time":"2020-11-29T04:47:55.029Z"}]} - ::1 - 2ms
[2020-11-30T17:18:23.524] [INFO] [Default] - GET 200 /img/2020/11/1606624105652.jpeg 请求参数： {}  响应参数： {"_readableState":{"objectMode":false,"highWaterMark":65536,"buffer":{"head":null,"tail":null,"length":0},"length":0,"pipes":null,"pipesCount":0,"flowing":null,"ended":false,"endEmitted":false,"reading":false,"sync":true,"needReadable":false,"emittedReadable":false,"readableListening":false,"resumeScheduled":false,"emitClose":false,"autoDestroy":false,"destroyed":false,"defaultEncoding":"utf8","awaitDrainWriters":null,"multiAwaitDrain":false,"readingMore":false,"decoder":null,"encoding":null},"readable":true,"_events":{},"_eventsCount":2,"path":"/Users/xufeiyang/Documents/毕业设计/book-manager-system/server/public/img/2020/11/1606624105652.jpeg","fd":null,"flags":"r","mode":438,"end":null,"autoClose":true,"bytesRead":0,"closed":false} - ::1 - 1ms
[2020-11-30T17:18:23.527] [INFO] [Default] - GET 200 /img/2020/11/1606625268325.jpeg 请求参数： {}  响应参数： {"_readableState":{"objectMode":false,"highWaterMark":65536,"buffer":{"head":null,"tail":null,"length":0},"length":0,"pipes":null,"pipesCount":0,"flowing":null,"ended":false,"endEmitted":false,"reading":false,"sync":true,"needReadable":false,"emittedReadable":false,"readableListening":false,"resumeScheduled":false,"emitClose":false,"autoDestroy":false,"destroyed":false,"defaultEncoding":"utf8","awaitDrainWriters":null,"multiAwaitDrain":false,"readingMore":false,"decoder":null,"encoding":null},"readable":true,"_events":{},"_eventsCount":2,"path":"/Users/xufeiyang/Documents/毕业设计/book-manager-system/server/public/img/2020/11/1606625268325.jpeg","fd":null,"flags":"r","mode":438,"end":null,"autoClose":true,"bytesRead":0,"closed":false} - ::1 - 2ms
